<test-results name="Test results" date="2015-10-16" time="10:11:01" total="4" failures="0" not-run="0"><test-suite name="xUnit.net Tests" success="True" time="0.149"><results><test-suite name="MyService.UnitTests.dll" success="True" time="0.149"><results><test-suite name="Test collection for MyService.UnitTests.data.MydataRepositoryTests" success="True" time="0.023"><results><test-case name="MyService.UnitTests.Data.MyDataRepositoryTests.Repository_contains_all_expected_data" executed="True" success="True" time="0.0199485" /><test-case name="MyService.UnitTests.Data.MyDataRepositoryTests.Repository_returns_correct_data_based_on_identifier(identifier: Default, labelDescription: &quot;Default&quot;)" executed="True" success="True" time="0.0010876" /><test-case name="MyService.UnitTests.Data.MyDataRepositoryTests.Repository_returns_correct_data_based_on_identifier(identifier: Candara, labelDescription: &quot;Candara&quot;)" executed="True" success="True" time="0.0000325" /><test-case name="MyService.UnitTests.Data.MyDataRepositoryTests.Repository_throws_exception_when_requesting_invalid_data" executed="True" success="True" time="0.0016191" /></results></test-suite></results></test-suite></results></test-suite></test-results>